\BOOKMARK [0][-]{section*.2}{List of Figures}{}% 1
\BOOKMARK [0][-]{section*.4}{List of Tables}{}% 2
\BOOKMARK [0][-]{section*.6}{Nederlandstalige Samenvatting}{}% 3
\BOOKMARK [0][-]{section*.8}{Acknowledgements}{}% 4
\BOOKMARK [0][-]{section*.10}{Abstract}{}% 5
\BOOKMARK [0][-]{chapter.1}{Introduction}{}% 6
\BOOKMARK [1][-]{section.1.1}{Definitions}{chapter.1}% 7
\BOOKMARK [0][-]{chapter.2}{Background}{}% 8
\BOOKMARK [1][-]{section.2.1}{Blabla}{chapter.2}% 9
\BOOKMARK [2][-]{subsection.2.1.1}{Bliep using references}{section.2.1}% 10
\BOOKMARK [0][-]{chapter.3}{Methodology}{}% 11
\BOOKMARK [1][-]{section.3.1}{Translation Tools}{chapter.3}% 12
\BOOKMARK [1][-]{section.3.2}{Considered Translation Approaches}{chapter.3}% 13
\BOOKMARK [2][-]{subsection.3.2.1}{First approach: Implementing everything into one AtomicDEVS}{section.3.2}% 14
\BOOKMARK [2][-]{subsection.3.2.2}{Second approach: Setting every component to AtomicDEVS}{section.3.2}% 15
\BOOKMARK [0][-]{chapter.4}{Implementation}{}% 16
\BOOKMARK [1][-]{section.4.1}{Definitions}{chapter.4}% 17
\BOOKMARK [0][-]{chapter.5}{Examples}{}% 18
\BOOKMARK [1][-]{section.5.1}{Definitions}{chapter.5}% 19
\BOOKMARK [0][-]{chapter.6}{Conclusions}{}% 20
\BOOKMARK [0][-]{section*.12}{Bibliography}{}% 21
\BOOKMARK [0][-]{section*.14}{Appendices}{}% 22
\BOOKMARK [0][-]{Appendix.a.A}{Appendix An appendix}{}% 23
